=================
deviveid = 1
dataid = 1
dirpath = /home/sakigake/priority/priority_server/data/01/image1/
pri = 2
dataid = 2
dirpath = /home/sakigake/priority/priority_server/data/01/image2/
pri = 2
dataid = 3
dirpath = /home/sakigake/priority/priority_server/data/01/image3/
pri = 2
dataid = 4
dirpath = /home/sakigake/priority/priority_server/data/01/image4/
pri = 2
dataid = 5
dirpath = /home/sakigake/priority/priority_server/data/01/sensor/
pri = 1
=================
deviveid = 2
dataid = 1
dirpath = /home/sakigake/priority/priority_server/data/02/image1/
pri = 2
dataid = 2
dirpath = /home/sakigake/priority/priority_server/data/02/image2/
pri = 2
dataid = 3
dirpath = /home/sakigake/priority/priority_server/data/02/image3/
pri = 2
dataid = 4
dirpath = /home/sakigake/priority/priority_server/data/02/image4/
pri = 2
dataid = 5
dirpath = /home/sakigake/priority/priority_server/data/02/sensor/
pri = 1
=================
deviveid = 3
dataid = 1
dirpath = /home/sakigake/priority/priority_server/data/03/image1/
pri = 2
dataid = 2
dirpath = /home/sakigake/priority/priority_server/data/03/image2/
pri = 2
dataid = 3
dirpath = /home/sakigake/priority/priority_server/data/03/image3/
pri = 2
dataid = 4
dirpath = /home/sakigake/priority/priority_server/data/03/image4/
pri = 2
dataid = 5
dirpath = /home/sakigake/priority/priority_server/data/03/sensor/
pri = 1
=================
deviveid = 4
dataid = 1
dirpath = /home/sakigake/priority/priority_server/data/04/image1/
pri = 2
dataid = 2
dirpath = /home/sakigake/priority/priority_server/data/04/image2/
pri = 2
dataid = 3
dirpath = /home/sakigake/priority/priority_server/data/04/image3/
pri = 2
dataid = 4
dirpath = /home/sakigake/priority/priority_server/data/04/image4/
pri = 2
dataid = 5
dirpath = /home/sakigake/priority/priority_server/data/04/sensor/
pri = 1
=================
deviveid = 5
dataid = 1
dirpath = /home/sakigake/priority/priority_server/data/05/image1/
pri = 2
dataid = 2
dirpath = /home/sakigake/priority/priority_server/data/05/image2/
pri = 2
dataid = 3
dirpath = /home/sakigake/priority/priority_server/data/05/image3/
pri = 2
dataid = 4
dirpath = /home/sakigake/priority/priority_server/data/05/image4/
pri = 2
dataid = 5
dirpath = /home/sakigake/priority/priority_server/data/05/sensor/
pri = 1
=================
deviveid = 6
dataid = 1
dirpath = /home/sakigake/priority/priority_server/data/06/image1/
pri = 2
dataid = 2
dirpath = /home/sakigake/priority/priority_server/data/06/image2/
pri = 2
dataid = 3
dirpath = /home/sakigake/priority/priority_server/data/06/image3/
pri = 2
dataid = 4
dirpath = /home/sakigake/priority/priority_server/data/06/image4/
pri = 2
dataid = 5
dirpath = /home/sakigake/priority/priority_server/data/06/sensor/
pri = 1
=================
deviveid = 7
dataid = 1
dirpath = /home/sakigake/priority/priority_server/data/07/image1/
pri = 2
dataid = 2
dirpath = /home/sakigake/priority/priority_server/data/07/image2/
pri = 2
dataid = 3
dirpath = /home/sakigake/priority/priority_server/data/07/image3/
pri = 2
dataid = 4
dirpath = /home/sakigake/priority/priority_server/data/07/image4/
pri = 2
dataid = 5
dirpath = /home/sakigake/priority/priority_server/data/07/sensor/
pri = 1
=================
deviveid = 8
dataid = 1
dirpath = /home/sakigake/priority/priority_server/data/08/image1/
pri = 2
dataid = 2
dirpath = /home/sakigake/priority/priority_server/data/08/image2/
pri = 2
dataid = 3
dirpath = /home/sakigake/priority/priority_server/data/08/image3/
pri = 2
dataid = 4
dirpath = /home/sakigake/priority/priority_server/data/08/image4/
pri = 2
dataid = 5
dirpath = /home/sakigake/priority/priority_server/data/08/sensor/
pri = 1
=================
deviveid = 9
dataid = 1
dirpath = /home/sakigake/priority/priority_server/data/09/image1/
pri = 2
dataid = 2
dirpath = /home/sakigake/priority/priority_server/data/09/image2/
pri = 2
dataid = 3
dirpath = /home/sakigake/priority/priority_server/data/09/image3/
pri = 2
dataid = 4
dirpath = /home/sakigake/priority/priority_server/data/09/image4/
pri = 2
dataid = 5
dirpath = /home/sakigake/priority/priority_server/data/09/sensor/
pri = 1
=================
deviveid = 10
dataid = 1
dirpath = /home/sakigake/priority/priority_server/data/10/image1/
pri = 2
dataid = 2
dirpath = /home/sakigake/priority/priority_server/data/10/image2/
pri = 2
dataid = 3
dirpath = /home/sakigake/priority/priority_server/data/10/image3/
pri = 2
dataid = 4
dirpath = /home/sakigake/priority/priority_server/data/10/image4/
pri = 2
dataid = 5
dirpath = /home/sakigake/priority/priority_server/data/10/sensor/
pri = 1
=================
bufsize = 3000
=================
deviveid = 1
dataid = 1
dirpath = /home/sakigake/priority/priority_server/data/01/image1/
pri = 2
dataid = 2
dirpath = /home/sakigake/priority/priority_server/data/01/image2/
pri = 2
dataid = 3
dirpath = /home/sakigake/priority/priority_server/data/01/image3/
pri = 2
dataid = 4
dirpath = /home/sakigake/priority/priority_server/data/01/image4/
pri = 2
dataid = 5
dirpath = /home/sakigake/priority/priority_server/data/01/sensor/
pri = 1
=================
deviveid = 2
dataid = 1
dirpath = /home/sakigake/priority/priority_server/data/02/image1/
pri = 2
dataid = 2
dirpath = /home/sakigake/priority/priority_server/data/02/image2/
pri = 2
dataid = 3
dirpath = /home/sakigake/priority/priority_server/data/02/image3/
pri = 2
dataid = 4
dirpath = /home/sakigake/priority/priority_server/data/02/image4/
pri = 2
dataid = 5
dirpath = /home/sakigake/priority/priority_server/data/02/sensor/
pri = 1
=================
deviveid = 3
dataid = 1
dirpath = /home/sakigake/priority/priority_server/data/03/image1/
pri = 2
dataid = 2
dirpath = /home/sakigake/priority/priority_server/data/03/image2/
pri = 2
dataid = 3
dirpath = /home/sakigake/priority/priority_server/data/03/image3/
pri = 2
dataid = 4
dirpath = /home/sakigake/priority/priority_server/data/03/image4/
pri = 2
dataid = 5
dirpath = /home/sakigake/priority/priority_server/data/03/sensor/
pri = 1
=================
deviveid = 4
dataid = 1
dirpath = /home/sakigake/priority/priority_server/data/04/image1/
pri = 2
dataid = 2
dirpath = /home/sakigake/priority/priority_server/data/04/image2/
pri = 2
dataid = 3
dirpath = /home/sakigake/priority/priority_server/data/04/image3/
pri = 2
dataid = 4
dirpath = /home/sakigake/priority/priority_server/data/04/image4/
pri = 2
dataid = 5
dirpath = /home/sakigake/priority/priority_server/data/04/sensor/
pri = 1
=================
deviveid = 5
dataid = 1
dirpath = /home/sakigake/priority/priority_server/data/05/image1/
pri = 2
dataid = 2
dirpath = /home/sakigake/priority/priority_server/data/05/image2/
pri = 2
dataid = 3
dirpath = /home/sakigake/priority/priority_server/data/05/image3/
pri = 2
dataid = 4
dirpath = /home/sakigake/priority/priority_server/data/05/image4/
pri = 2
dataid = 5
dirpath = /home/sakigake/priority/priority_server/data/05/sensor/
pri = 1
=================
deviveid = 6
dataid = 1
dirpath = /home/sakigake/priority/priority_server/data/06/image1/
pri = 2
dataid = 2
dirpath = /home/sakigake/priority/priority_server/data/06/image2/
pri = 2
dataid = 3
dirpath = /home/sakigake/priority/priority_server/data/06/image3/
pri = 2
dataid = 4
dirpath = /home/sakigake/priority/priority_server/data/06/image4/
pri = 2
dataid = 5
dirpath = /home/sakigake/priority/priority_server/data/06/sensor/
pri = 1
=================
deviveid = 7
dataid = 1
dirpath = /home/sakigake/priority/priority_server/data/07/image1/
pri = 2
dataid = 2
dirpath = /home/sakigake/priority/priority_server/data/07/image2/
pri = 2
dataid = 3
dirpath = /home/sakigake/priority/priority_server/data/07/image3/
pri = 2
dataid = 4
dirpath = /home/sakigake/priority/priority_server/data/07/image4/
pri = 2
dataid = 5
dirpath = /home/sakigake/priority/priority_server/data/07/sensor/
pri = 1
=================
deviveid = 8
dataid = 1
dirpath = /home/sakigake/priority/priority_server/data/08/image1/
pri = 2
dataid = 2
dirpath = /home/sakigake/priority/priority_server/data/08/image2/
pri = 2
dataid = 3
dirpath = /home/sakigake/priority/priority_server/data/08/image3/
pri = 2
dataid = 4
dirpath = /home/sakigake/priority/priority_server/data/08/image4/
pri = 2
dataid = 5
dirpath = /home/sakigake/priority/priority_server/data/08/sensor/
pri = 1
=================
deviveid = 9
dataid = 1
dirpath = /home/sakigake/priority/priority_server/data/09/image1/
pri = 2
dataid = 2
dirpath = /home/sakigake/priority/priority_server/data/09/image2/
pri = 2
dataid = 3
dirpath = /home/sakigake/priority/priority_server/data/09/image3/
pri = 2
dataid = 4
dirpath = /home/sakigake/priority/priority_server/data/09/image4/
pri = 2
dataid = 5
dirpath = /home/sakigake/priority/priority_server/data/09/sensor/
pri = 1
=================
deviveid = 10
dataid = 1
dirpath = /home/sakigake/priority/priority_server/data/10/image1/
pri = 2
dataid = 2
dirpath = /home/sakigake/priority/priority_server/data/10/image2/
pri = 2
dataid = 3
dirpath = /home/sakigake/priority/priority_server/data/10/image3/
pri = 2
dataid = 4
dirpath = /home/sakigake/priority/priority_server/data/10/image4/
pri = 2
dataid = 5
dirpath = /home/sakigake/priority/priority_server/data/10/sensor/
pri = 1
=================
bufsize = 3000
=================
deviveid = 1
dataid = 1
dirpath = /home/sakigake/priority/priority_server/data/01/image1/
pri = 2
dataid = 2
dirpath = /home/sakigake/priority/priority_server/data/01/image2/
pri = 2
dataid = 3
dirpath = /home/sakigake/priority/priority_server/data/01/image3/
pri = 2
dataid = 4
dirpath = /home/sakigake/priority/priority_server/data/01/image4/
pri = 2
dataid = 5
dirpath = /home/sakigake/priority/priority_server/data/01/sensor/
pri = 1
=================
deviveid = 2
dataid = 1
dirpath = /home/sakigake/priority/priority_server/data/02/image1/
pri = 2
dataid = 2
dirpath = /home/sakigake/priority/priority_server/data/02/image2/
pri = 2
dataid = 3
dirpath = /home/sakigake/priority/priority_server/data/02/image3/
pri = 2
dataid = 4
dirpath = /home/sakigake/priority/priority_server/data/02/image4/
pri = 2
dataid = 5
dirpath = /home/sakigake/priority/priority_server/data/02/sensor/
pri = 1
=================
deviveid = 3
dataid = 1
dirpath = /home/sakigake/priority/priority_server/data/03/image1/
pri = 2
dataid = 2
dirpath = /home/sakigake/priority/priority_server/data/03/image2/
pri = 2
dataid = 3
dirpath = /home/sakigake/priority/priority_server/data/03/image3/
pri = 2
dataid = 4
dirpath = /home/sakigake/priority/priority_server/data/03/image4/
pri = 2
dataid = 5
dirpath = /home/sakigake/priority/priority_server/data/03/sensor/
pri = 1
=================
deviveid = 4
dataid = 1
dirpath = /home/sakigake/priority/priority_server/data/04/image1/
pri = 2
dataid = 2
dirpath = /home/sakigake/priority/priority_server/data/04/image2/
pri = 2
dataid = 3
dirpath = /home/sakigake/priority/priority_server/data/04/image3/
pri = 2
dataid = 4
dirpath = /home/sakigake/priority/priority_server/data/04/image4/
pri = 2
dataid = 5
dirpath = /home/sakigake/priority/priority_server/data/04/sensor/
pri = 1
=================
deviveid = 5
dataid = 1
dirpath = /home/sakigake/priority/priority_server/data/05/image1/
pri = 2
dataid = 2
dirpath = /home/sakigake/priority/priority_server/data/05/image2/
pri = 2
dataid = 3
dirpath = /home/sakigake/priority/priority_server/data/05/image3/
pri = 2
dataid = 4
dirpath = /home/sakigake/priority/priority_server/data/05/image4/
pri = 2
dataid = 5
dirpath = /home/sakigake/priority/priority_server/data/05/sensor/
pri = 1
=================
deviveid = 6
dataid = 1
dirpath = /home/sakigake/priority/priority_server/data/06/image1/
pri = 2
dataid = 2
dirpath = /home/sakigake/priority/priority_server/data/06/image2/
pri = 2
dataid = 3
dirpath = /home/sakigake/priority/priority_server/data/06/image3/
pri = 2
dataid = 4
dirpath = /home/sakigake/priority/priority_server/data/06/image4/
pri = 2
dataid = 5
dirpath = /home/sakigake/priority/priority_server/data/06/sensor/
pri = 1
=================
deviveid = 7
dataid = 1
dirpath = /home/sakigake/priority/priority_server/data/07/image1/
pri = 2
dataid = 2
dirpath = /home/sakigake/priority/priority_server/data/07/image2/
pri = 2
dataid = 3
dirpath = /home/sakigake/priority/priority_server/data/07/image3/
pri = 2
dataid = 4
dirpath = /home/sakigake/priority/priority_server/data/07/image4/
pri = 2
dataid = 5
dirpath = /home/sakigake/priority/priority_server/data/07/sensor/
pri = 1
=================
deviveid = 8
dataid = 1
dirpath = /home/sakigake/priority/priority_server/data/08/image1/
pri = 2
dataid = 2
dirpath = /home/sakigake/priority/priority_server/data/08/image2/
pri = 2
dataid = 3
dirpath = /home/sakigake/priority/priority_server/data/08/image3/
pri = 2
dataid = 4
dirpath = /home/sakigake/priority/priority_server/data/08/image4/
pri = 2
dataid = 5
dirpath = /home/sakigake/priority/priority_server/data/08/sensor/
pri = 1
=================
deviveid = 9
dataid = 1
dirpath = /home/sakigake/priority/priority_server/data/09/image1/
pri = 2
dataid = 2
dirpath = /home/sakigake/priority/priority_server/data/09/image2/
pri = 2
dataid = 3
dirpath = /home/sakigake/priority/priority_server/data/09/image3/
pri = 2
dataid = 4
dirpath = /home/sakigake/priority/priority_server/data/09/image4/
pri = 2
dataid = 5
dirpath = /home/sakigake/priority/priority_server/data/09/sensor/
pri = 1
=================
deviveid = 10
dataid = 1
dirpath = /home/sakigake/priority/priority_server/data/10/image1/
pri = 2
dataid = 2
dirpath = /home/sakigake/priority/priority_server/data/10/image2/
pri = 2
dataid = 3
dirpath = /home/sakigake/priority/priority_server/data/10/image3/
pri = 2
dataid = 4
dirpath = /home/sakigake/priority/priority_server/data/10/image4/
pri = 2
dataid = 5
dirpath = /home/sakigake/priority/priority_server/data/10/sensor/
pri = 1
=================
bufsize = 3000
=================
deviveid = 1
dataid = 1
dirpath = /home/sakigake/priority/priority_server/data/01/image1/
pri = 2
dataid = 2
dirpath = /home/sakigake/priority/priority_server/data/01/image2/
pri = 2
dataid = 3
dirpath = /home/sakigake/priority/priority_server/data/01/image3/
pri = 2
dataid = 4
dirpath = /home/sakigake/priority/priority_server/data/01/image4/
pri = 2
dataid = 5
dirpath = /home/sakigake/priority/priority_server/data/01/sensor/
pri = 1
=================
deviveid = 2
dataid = 1
dirpath = /home/sakigake/priority/priority_server/data/02/image1/
pri = 2
dataid = 2
dirpath = /home/sakigake/priority/priority_server/data/02/image2/
pri = 2
dataid = 3
dirpath = /home/sakigake/priority/priority_server/data/02/image3/
pri = 2
dataid = 4
dirpath = /home/sakigake/priority/priority_server/data/02/image4/
pri = 2
dataid = 5
dirpath = /home/sakigake/priority/priority_server/data/02/sensor/
pri = 1
=================
deviveid = 3
dataid = 1
dirpath = /home/sakigake/priority/priority_server/data/03/image1/
pri = 2
dataid = 2
dirpath = /home/sakigake/priority/priority_server/data/03/image2/
pri = 2
dataid = 3
dirpath = /home/sakigake/priority/priority_server/data/03/image3/
pri = 2
dataid = 4
dirpath = /home/sakigake/priority/priority_server/data/03/image4/
pri = 2
dataid = 5
dirpath = /home/sakigake/priority/priority_server/data/03/sensor/
pri = 1
=================
deviveid = 4
dataid = 1
dirpath = /home/sakigake/priority/priority_server/data/04/image1/
pri = 2
dataid = 2
dirpath = /home/sakigake/priority/priority_server/data/04/image2/
pri = 2
dataid = 3
dirpath = /home/sakigake/priority/priority_server/data/04/image3/
pri = 2
dataid = 4
dirpath = /home/sakigake/priority/priority_server/data/04/image4/
pri = 2
dataid = 5
dirpath = /home/sakigake/priority/priority_server/data/04/sensor/
pri = 1
=================
deviveid = 5
dataid = 1
dirpath = /home/sakigake/priority/priority_server/data/05/image1/
pri = 2
dataid = 2
dirpath = /home/sakigake/priority/priority_server/data/05/image2/
pri = 2
dataid = 3
dirpath = /home/sakigake/priority/priority_server/data/05/image3/
pri = 2
dataid = 4
dirpath = /home/sakigake/priority/priority_server/data/05/image4/
pri = 2
dataid = 5
dirpath = /home/sakigake/priority/priority_server/data/05/sensor/
pri = 1
=================
deviveid = 6
dataid = 1
dirpath = /home/sakigake/priority/priority_server/data/06/image1/
pri = 2
dataid = 2
dirpath = /home/sakigake/priority/priority_server/data/06/image2/
pri = 2
dataid = 3
dirpath = /home/sakigake/priority/priority_server/data/06/image3/
pri = 2
dataid = 4
dirpath = /home/sakigake/priority/priority_server/data/06/image4/
pri = 2
dataid = 5
dirpath = /home/sakigake/priority/priority_server/data/06/sensor/
pri = 1
=================
deviveid = 7
dataid = 1
dirpath = /home/sakigake/priority/priority_server/data/07/image1/
pri = 2
dataid = 2
dirpath = /home/sakigake/priority/priority_server/data/07/image2/
pri = 2
dataid = 3
dirpath = /home/sakigake/priority/priority_server/data/07/image3/
pri = 2
dataid = 4
dirpath = /home/sakigake/priority/priority_server/data/07/image4/
pri = 2
dataid = 5
dirpath = /home/sakigake/priority/priority_server/data/07/sensor/
pri = 1
=================
deviveid = 8
dataid = 1
dirpath = /home/sakigake/priority/priority_server/data/08/image1/
pri = 2
dataid = 2
dirpath = /home/sakigake/priority/priority_server/data/08/image2/
pri = 2
dataid = 3
dirpath = /home/sakigake/priority/priority_server/data/08/image3/
pri = 2
dataid = 4
dirpath = /home/sakigake/priority/priority_server/data/08/image4/
pri = 2
dataid = 5
dirpath = /home/sakigake/priority/priority_server/data/08/sensor/
pri = 1
=================
deviveid = 9
dataid = 1
dirpath = /home/sakigake/priority/priority_server/data/09/image1/
pri = 2
dataid = 2
dirpath = /home/sakigake/priority/priority_server/data/09/image2/
pri = 2
dataid = 3
dirpath = /home/sakigake/priority/priority_server/data/09/image3/
pri = 2
dataid = 4
dirpath = /home/sakigake/priority/priority_server/data/09/image4/
pri = 2
dataid = 5
dirpath = /home/sakigake/priority/priority_server/data/09/sensor/
pri = 1
=================
deviveid = 10
dataid = 1
dirpath = /home/sakigake/priority/priority_server/data/10/image1/
pri = 2
dataid = 2
dirpath = /home/sakigake/priority/priority_server/data/10/image2/
pri = 2
dataid = 3
dirpath = /home/sakigake/priority/priority_server/data/10/image3/
pri = 2
dataid = 4
dirpath = /home/sakigake/priority/priority_server/data/10/image4/
pri = 2
dataid = 5
dirpath = /home/sakigake/priority/priority_server/data/10/sensor/
pri = 1
=================
bufsize = 3000
=================
deviveid = 1
dataid = 1
dirpath = /home/sakigake/priority/priority_server/data/01/image1/
pri = 2
dataid = 2
dirpath = /home/sakigake/priority/priority_server/data/01/image2/
pri = 2
dataid = 3
dirpath = /home/sakigake/priority/priority_server/data/01/image3/
pri = 2
dataid = 4
dirpath = /home/sakigake/priority/priority_server/data/01/image4/
pri = 2
dataid = 5
dirpath = /home/sakigake/priority/priority_server/data/01/sensor/
pri = 1
=================
deviveid = 2
dataid = 1
dirpath = /home/sakigake/priority/priority_server/data/02/image1/
pri = 2
dataid = 2
dirpath = /home/sakigake/priority/priority_server/data/02/image2/
pri = 2
dataid = 3
dirpath = /home/sakigake/priority/priority_server/data/02/image3/
pri = 2
dataid = 4
dirpath = /home/sakigake/priority/priority_server/data/02/image4/
pri = 2
dataid = 5
dirpath = /home/sakigake/priority/priority_server/data/02/sensor/
pri = 1
=================
deviveid = 3
dataid = 1
dirpath = /home/sakigake/priority/priority_server/data/03/image1/
pri = 2
dataid = 2
dirpath = /home/sakigake/priority/priority_server/data/03/image2/
pri = 2
dataid = 3
dirpath = /home/sakigake/priority/priority_server/data/03/image3/
pri = 2
dataid = 4
dirpath = /home/sakigake/priority/priority_server/data/03/image4/
pri = 2
dataid = 5
dirpath = /home/sakigake/priority/priority_server/data/03/sensor/
pri = 1
=================
deviveid = 4
dataid = 1
dirpath = /home/sakigake/priority/priority_server/data/04/image1/
pri = 2
dataid = 2
dirpath = /home/sakigake/priority/priority_server/data/04/image2/
pri = 2
dataid = 3
dirpath = /home/sakigake/priority/priority_server/data/04/image3/
pri = 2
dataid = 4
dirpath = /home/sakigake/priority/priority_server/data/04/image4/
pri = 2
dataid = 5
dirpath = /home/sakigake/priority/priority_server/data/04/sensor/
pri = 1
=================
deviveid = 5
dataid = 1
dirpath = /home/sakigake/priority/priority_server/data/05/image1/
pri = 2
dataid = 2
dirpath = /home/sakigake/priority/priority_server/data/05/image2/
pri = 2
dataid = 3
dirpath = /home/sakigake/priority/priority_server/data/05/image3/
pri = 2
dataid = 4
dirpath = /home/sakigake/priority/priority_server/data/05/image4/
pri = 2
dataid = 5
dirpath = /home/sakigake/priority/priority_server/data/05/sensor/
pri = 1
=================
deviveid = 6
dataid = 1
dirpath = /home/sakigake/priority/priority_server/data/06/image1/
pri = 2
dataid = 2
dirpath = /home/sakigake/priority/priority_server/data/06/image2/
pri = 2
dataid = 3
dirpath = /home/sakigake/priority/priority_server/data/06/image3/
pri = 2
dataid = 4
dirpath = /home/sakigake/priority/priority_server/data/06/image4/
pri = 2
dataid = 5
dirpath = /home/sakigake/priority/priority_server/data/06/sensor/
pri = 1
=================
deviveid = 7
dataid = 1
dirpath = /home/sakigake/priority/priority_server/data/07/image1/
pri = 2
dataid = 2
dirpath = /home/sakigake/priority/priority_server/data/07/image2/
pri = 2
dataid = 3
dirpath = /home/sakigake/priority/priority_server/data/07/image3/
pri = 2
dataid = 4
dirpath = /home/sakigake/priority/priority_server/data/07/image4/
pri = 2
dataid = 5
dirpath = /home/sakigake/priority/priority_server/data/07/sensor/
pri = 1
=================
deviveid = 8
dataid = 1
dirpath = /home/sakigake/priority/priority_server/data/08/image1/
pri = 2
dataid = 2
dirpath = /home/sakigake/priority/priority_server/data/08/image2/
pri = 2
dataid = 3
dirpath = /home/sakigake/priority/priority_server/data/08/image3/
pri = 2
dataid = 4
dirpath = /home/sakigake/priority/priority_server/data/08/image4/
pri = 2
dataid = 5
dirpath = /home/sakigake/priority/priority_server/data/08/sensor/
pri = 1
=================
deviveid = 9
dataid = 1
dirpath = /home/sakigake/priority/priority_server/data/09/image1/
pri = 2
dataid = 2
dirpath = /home/sakigake/priority/priority_server/data/09/image2/
pri = 2
dataid = 3
dirpath = /home/sakigake/priority/priority_server/data/09/image3/
pri = 2
dataid = 4
dirpath = /home/sakigake/priority/priority_server/data/09/image4/
pri = 2
dataid = 5
dirpath = /home/sakigake/priority/priority_server/data/09/sensor/
pri = 1
=================
deviveid = 10
dataid = 1
dirpath = /home/sakigake/priority/priority_server/data/10/image1/
pri = 2
dataid = 2
dirpath = /home/sakigake/priority/priority_server/data/10/image2/
pri = 2
dataid = 3
dirpath = /home/sakigake/priority/priority_server/data/10/image3/
pri = 2
dataid = 4
dirpath = /home/sakigake/priority/priority_server/data/10/image4/
pri = 2
dataid = 5
dirpath = /home/sakigake/priority/priority_server/data/10/sensor/
pri = 1
=================
bufsize = 3000
=================
deviveid = 1
dataid = 1
dirpath = /home/sakigake/priority/priority_server/data/01/image1/
pri = 2
dataid = 2
dirpath = /home/sakigake/priority/priority_server/data/01/image2/
pri = 2
dataid = 3
dirpath = /home/sakigake/priority/priority_server/data/01/image3/
pri = 2
dataid = 4
dirpath = /home/sakigake/priority/priority_server/data/01/image4/
pri = 2
dataid = 5
dirpath = /home/sakigake/priority/priority_server/data/01/sensor/
pri = 1
=================
deviveid = 2
dataid = 1
dirpath = /home/sakigake/priority/priority_server/data/02/image1/
pri = 2
dataid = 2
dirpath = /home/sakigake/priority/priority_server/data/02/image2/
pri = 2
dataid = 3
dirpath = /home/sakigake/priority/priority_server/data/02/image3/
pri = 2
dataid = 4
dirpath = /home/sakigake/priority/priority_server/data/02/image4/
pri = 2
dataid = 5
dirpath = /home/sakigake/priority/priority_server/data/02/sensor/
pri = 1
=================
deviveid = 3
dataid = 1
dirpath = /home/sakigake/priority/priority_server/data/03/image1/
pri = 2
dataid = 2
dirpath = /home/sakigake/priority/priority_server/data/03/image2/
pri = 2
dataid = 3
dirpath = /home/sakigake/priority/priority_server/data/03/image3/
pri = 2
dataid = 4
dirpath = /home/sakigake/priority/priority_server/data/03/image4/
pri = 2
dataid = 5
dirpath = /home/sakigake/priority/priority_server/data/03/sensor/
pri = 1
=================
deviveid = 4
dataid = 1
dirpath = /home/sakigake/priority/priority_server/data/04/image1/
pri = 2
dataid = 2
dirpath = /home/sakigake/priority/priority_server/data/04/image2/
pri = 2
dataid = 3
dirpath = /home/sakigake/priority/priority_server/data/04/image3/
pri = 2
dataid = 4
dirpath = /home/sakigake/priority/priority_server/data/04/image4/
pri = 2
dataid = 5
dirpath = /home/sakigake/priority/priority_server/data/04/sensor/
pri = 1
=================
deviveid = 5
dataid = 1
dirpath = /home/sakigake/priority/priority_server/data/05/image1/
pri = 2
dataid = 2
dirpath = /home/sakigake/priority/priority_server/data/05/image2/
pri = 2
dataid = 3
dirpath = /home/sakigake/priority/priority_server/data/05/image3/
pri = 2
dataid = 4
dirpath = /home/sakigake/priority/priority_server/data/05/image4/
pri = 2
dataid = 5
dirpath = /home/sakigake/priority/priority_server/data/05/sensor/
pri = 1
=================
deviveid = 6
dataid = 1
dirpath = /home/sakigake/priority/priority_server/data/06/image1/
pri = 2
dataid = 2
dirpath = /home/sakigake/priority/priority_server/data/06/image2/
pri = 2
dataid = 3
dirpath = /home/sakigake/priority/priority_server/data/06/image3/
pri = 2
dataid = 4
dirpath = /home/sakigake/priority/priority_server/data/06/image4/
pri = 2
dataid = 5
dirpath = /home/sakigake/priority/priority_server/data/06/sensor/
pri = 1
=================
deviveid = 7
dataid = 1
dirpath = /home/sakigake/priority/priority_server/data/07/image1/
pri = 2
dataid = 2
dirpath = /home/sakigake/priority/priority_server/data/07/image2/
pri = 2
dataid = 3
dirpath = /home/sakigake/priority/priority_server/data/07/image3/
pri = 2
dataid = 4
dirpath = /home/sakigake/priority/priority_server/data/07/image4/
pri = 2
dataid = 5
dirpath = /home/sakigake/priority/priority_server/data/07/sensor/
pri = 1
=================
deviveid = 8
dataid = 1
dirpath = /home/sakigake/priority/priority_server/data/08/image1/
pri = 2
dataid = 2
dirpath = /home/sakigake/priority/priority_server/data/08/image2/
pri = 2
dataid = 3
dirpath = /home/sakigake/priority/priority_server/data/08/image3/
pri = 2
dataid = 4
dirpath = /home/sakigake/priority/priority_server/data/08/image4/
pri = 2
dataid = 5
dirpath = /home/sakigake/priority/priority_server/data/08/sensor/
pri = 1
=================
deviveid = 9
dataid = 1
dirpath = /home/sakigake/priority/priority_server/data/09/image1/
pri = 2
dataid = 2
dirpath = /home/sakigake/priority/priority_server/data/09/image2/
pri = 2
dataid = 3
dirpath = /home/sakigake/priority/priority_server/data/09/image3/
pri = 2
dataid = 4
dirpath = /home/sakigake/priority/priority_server/data/09/image4/
pri = 2
dataid = 5
dirpath = /home/sakigake/priority/priority_server/data/09/sensor/
pri = 1
=================
deviveid = 10
dataid = 1
dirpath = /home/sakigake/priority/priority_server/data/10/image1/
pri = 2
dataid = 2
dirpath = /home/sakigake/priority/priority_server/data/10/image2/
pri = 2
dataid = 3
dirpath = /home/sakigake/priority/priority_server/data/10/image3/
pri = 2
dataid = 4
dirpath = /home/sakigake/priority/priority_server/data/10/image4/
pri = 2
dataid = 5
dirpath = /home/sakigake/priority/priority_server/data/10/sensor/
pri = 1
=================
bufsize = 3000
=================
deviveid = 1
dataid = 1
dirpath = /home/sakigake/priority/priority_server/data/01/image1/
pri = 2
dataid = 2
dirpath = /home/sakigake/priority/priority_server/data/01/image2/
pri = 2
dataid = 3
dirpath = /home/sakigake/priority/priority_server/data/01/image3/
pri = 2
dataid = 4
dirpath = /home/sakigake/priority/priority_server/data/01/image4/
pri = 2
dataid = 5
dirpath = /home/sakigake/priority/priority_server/data/01/sensor/
pri = 1
=================
deviveid = 2
dataid = 1
dirpath = /home/sakigake/priority/priority_server/data/02/image1/
pri = 2
dataid = 2
dirpath = /home/sakigake/priority/priority_server/data/02/image2/
pri = 2
dataid = 3
dirpath = /home/sakigake/priority/priority_server/data/02/image3/
pri = 2
dataid = 4
dirpath = /home/sakigake/priority/priority_server/data/02/image4/
pri = 2
dataid = 5
dirpath = /home/sakigake/priority/priority_server/data/02/sensor/
pri = 1
=================
deviveid = 3
dataid = 1
dirpath = /home/sakigake/priority/priority_server/data/03/image1/
pri = 2
dataid = 2
dirpath = /home/sakigake/priority/priority_server/data/03/image2/
pri = 2
dataid = 3
dirpath = /home/sakigake/priority/priority_server/data/03/image3/
pri = 2
dataid = 4
dirpath = /home/sakigake/priority/priority_server/data/03/image4/
pri = 2
dataid = 5
dirpath = /home/sakigake/priority/priority_server/data/03/sensor/
pri = 1
=================
deviveid = 4
dataid = 1
dirpath = /home/sakigake/priority/priority_server/data/04/image1/
pri = 2
dataid = 2
dirpath = /home/sakigake/priority/priority_server/data/04/image2/
pri = 2
dataid = 3
dirpath = /home/sakigake/priority/priority_server/data/04/image3/
pri = 2
dataid = 4
dirpath = /home/sakigake/priority/priority_server/data/04/image4/
pri = 2
dataid = 5
dirpath = /home/sakigake/priority/priority_server/data/04/sensor/
pri = 1
=================
deviveid = 5
dataid = 1
dirpath = /home/sakigake/priority/priority_server/data/05/image1/
pri = 2
dataid = 2
dirpath = /home/sakigake/priority/priority_server/data/05/image2/
pri = 2
dataid = 3
dirpath = /home/sakigake/priority/priority_server/data/05/image3/
pri = 2
dataid = 4
dirpath = /home/sakigake/priority/priority_server/data/05/image4/
pri = 2
dataid = 5
dirpath = /home/sakigake/priority/priority_server/data/05/sensor/
pri = 1
=================
deviveid = 6
dataid = 1
dirpath = /home/sakigake/priority/priority_server/data/06/image1/
pri = 2
dataid = 2
dirpath = /home/sakigake/priority/priority_server/data/06/image2/
pri = 2
dataid = 3
dirpath = /home/sakigake/priority/priority_server/data/06/image3/
pri = 2
dataid = 4
dirpath = /home/sakigake/priority/priority_server/data/06/image4/
pri = 2
dataid = 5
dirpath = /home/sakigake/priority/priority_server/data/06/sensor/
pri = 1
=================
deviveid = 7
dataid = 1
dirpath = /home/sakigake/priority/priority_server/data/07/image1/
pri = 2
dataid = 2
dirpath = /home/sakigake/priority/priority_server/data/07/image2/
pri = 2
dataid = 3
dirpath = /home/sakigake/priority/priority_server/data/07/image3/
pri = 2
dataid = 4
dirpath = /home/sakigake/priority/priority_server/data/07/image4/
pri = 2
dataid = 5
dirpath = /home/sakigake/priority/priority_server/data/07/sensor/
pri = 1
=================
deviveid = 8
dataid = 1
dirpath = /home/sakigake/priority/priority_server/data/08/image1/
pri = 2
dataid = 2
dirpath = /home/sakigake/priority/priority_server/data/08/image2/
pri = 2
dataid = 3
dirpath = /home/sakigake/priority/priority_server/data/08/image3/
pri = 2
dataid = 4
dirpath = /home/sakigake/priority/priority_server/data/08/image4/
pri = 2
dataid = 5
dirpath = /home/sakigake/priority/priority_server/data/08/sensor/
pri = 1
=================
deviveid = 9
dataid = 1
dirpath = /home/sakigake/priority/priority_server/data/09/image1/
pri = 2
dataid = 2
dirpath = /home/sakigake/priority/priority_server/data/09/image2/
pri = 2
dataid = 3
dirpath = /home/sakigake/priority/priority_server/data/09/image3/
pri = 2
dataid = 4
dirpath = /home/sakigake/priority/priority_server/data/09/image4/
pri = 2
dataid = 5
dirpath = /home/sakigake/priority/priority_server/data/09/sensor/
pri = 1
=================
deviveid = 10
dataid = 1
dirpath = /home/sakigake/priority/priority_server/data/10/image1/
pri = 2
dataid = 2
dirpath = /home/sakigake/priority/priority_server/data/10/image2/
pri = 2
dataid = 3
dirpath = /home/sakigake/priority/priority_server/data/10/image3/
pri = 2
dataid = 4
dirpath = /home/sakigake/priority/priority_server/data/10/image4/
pri = 2
dataid = 5
dirpath = /home/sakigake/priority/priority_server/data/10/sensor/
pri = 1
=================
bufsize = 3000
=================
deviveid = 1
dataid = 1
dirpath = /home/sakigake/priority/priority_server/data/01/image1/
pri = 2
dataid = 2
dirpath = /home/sakigake/priority/priority_server/data/01/image2/
pri = 2
dataid = 3
dirpath = /home/sakigake/priority/priority_server/data/01/image3/
pri = 2
dataid = 4
dirpath = /home/sakigake/priority/priority_server/data/01/image4/
pri = 2
dataid = 5
dirpath = /home/sakigake/priority/priority_server/data/01/sensor/
pri = 1
=================
deviveid = 2
dataid = 1
dirpath = /home/sakigake/priority/priority_server/data/02/image1/
pri = 2
dataid = 2
dirpath = /home/sakigake/priority/priority_server/data/02/image2/
pri = 2
dataid = 3
dirpath = /home/sakigake/priority/priority_server/data/02/image3/
pri = 2
dataid = 4
dirpath = /home/sakigake/priority/priority_server/data/02/image4/
pri = 2
dataid = 5
dirpath = /home/sakigake/priority/priority_server/data/02/sensor/
pri = 1
=================
deviveid = 3
dataid = 1
dirpath = /home/sakigake/priority/priority_server/data/03/image1/
pri = 2
dataid = 2
dirpath = /home/sakigake/priority/priority_server/data/03/image2/
pri = 2
dataid = 3
dirpath = /home/sakigake/priority/priority_server/data/03/image3/
pri = 2
dataid = 4
dirpath = /home/sakigake/priority/priority_server/data/03/image4/
pri = 2
dataid = 5
dirpath = /home/sakigake/priority/priority_server/data/03/sensor/
pri = 1
=================
deviveid = 4
dataid = 1
dirpath = /home/sakigake/priority/priority_server/data/04/image1/
pri = 2
dataid = 2
dirpath = /home/sakigake/priority/priority_server/data/04/image2/
pri = 2
dataid = 3
dirpath = /home/sakigake/priority/priority_server/data/04/image3/
pri = 2
dataid = 4
dirpath = /home/sakigake/priority/priority_server/data/04/image4/
pri = 2
dataid = 5
dirpath = /home/sakigake/priority/priority_server/data/04/sensor/
pri = 1
=================
deviveid = 5
dataid = 1
dirpath = /home/sakigake/priority/priority_server/data/05/image1/
pri = 2
dataid = 2
dirpath = /home/sakigake/priority/priority_server/data/05/image2/
pri = 2
dataid = 3
dirpath = /home/sakigake/priority/priority_server/data/05/image3/
pri = 2
dataid = 4
dirpath = /home/sakigake/priority/priority_server/data/05/image4/
pri = 2
dataid = 5
dirpath = /home/sakigake/priority/priority_server/data/05/sensor/
pri = 1
=================
deviveid = 6
dataid = 1
dirpath = /home/sakigake/priority/priority_server/data/06/image1/
pri = 2
dataid = 2
dirpath = /home/sakigake/priority/priority_server/data/06/image2/
pri = 2
dataid = 3
dirpath = /home/sakigake/priority/priority_server/data/06/image3/
pri = 2
dataid = 4
dirpath = /home/sakigake/priority/priority_server/data/06/image4/
pri = 2
dataid = 5
dirpath = /home/sakigake/priority/priority_server/data/06/sensor/
pri = 1
=================
deviveid = 7
dataid = 1
dirpath = /home/sakigake/priority/priority_server/data/07/image1/
pri = 2
dataid = 2
dirpath = /home/sakigake/priority/priority_server/data/07/image2/
pri = 2
dataid = 3
dirpath = /home/sakigake/priority/priority_server/data/07/image3/
pri = 2
dataid = 4
dirpath = /home/sakigake/priority/priority_server/data/07/image4/
pri = 2
dataid = 5
dirpath = /home/sakigake/priority/priority_server/data/07/sensor/
pri = 1
=================
deviveid = 8
dataid = 1
dirpath = /home/sakigake/priority/priority_server/data/08/image1/
pri = 2
dataid = 2
dirpath = /home/sakigake/priority/priority_server/data/08/image2/
pri = 2
dataid = 3
dirpath = /home/sakigake/priority/priority_server/data/08/image3/
pri = 2
dataid = 4
dirpath = /home/sakigake/priority/priority_server/data/08/image4/
pri = 2
dataid = 5
dirpath = /home/sakigake/priority/priority_server/data/08/sensor/
pri = 1
=================
deviveid = 9
dataid = 1
dirpath = /home/sakigake/priority/priority_server/data/09/image1/
pri = 2
dataid = 2
dirpath = /home/sakigake/priority/priority_server/data/09/image2/
pri = 2
dataid = 3
dirpath = /home/sakigake/priority/priority_server/data/09/image3/
pri = 2
dataid = 4
dirpath = /home/sakigake/priority/priority_server/data/09/image4/
pri = 2
dataid = 5
dirpath = /home/sakigake/priority/priority_server/data/09/sensor/
pri = 1
=================
deviveid = 10
dataid = 1
dirpath = /home/sakigake/priority/priority_server/data/10/image1/
pri = 2
dataid = 2
dirpath = /home/sakigake/priority/priority_server/data/10/image2/
pri = 2
dataid = 3
dirpath = /home/sakigake/priority/priority_server/data/10/image3/
pri = 2
dataid = 4
dirpath = /home/sakigake/priority/priority_server/data/10/image4/
pri = 2
dataid = 5
dirpath = /home/sakigake/priority/priority_server/data/10/sensor/
pri = 1
=================
bufsize = 3000
=================
deviveid = 1
dataid = 1
dirpath = /home/sakigake/priority/priority_server/data/01/image1/
pri = 2
dataid = 2
dirpath = /home/sakigake/priority/priority_server/data/01/image2/
pri = 2
dataid = 3
dirpath = /home/sakigake/priority/priority_server/data/01/image3/
pri = 2
dataid = 4
dirpath = /home/sakigake/priority/priority_server/data/01/image4/
pri = 2
dataid = 5
dirpath = /home/sakigake/priority/priority_server/data/01/sensor/
pri = 1
=================
deviveid = 2
dataid = 1
dirpath = /home/sakigake/priority/priority_server/data/02/image1/
pri = 2
dataid = 2
dirpath = /home/sakigake/priority/priority_server/data/02/image2/
pri = 2
dataid = 3
dirpath = /home/sakigake/priority/priority_server/data/02/image3/
pri = 2
dataid = 4
dirpath = /home/sakigake/priority/priority_server/data/02/image4/
pri = 2
dataid = 5
dirpath = /home/sakigake/priority/priority_server/data/02/sensor/
pri = 1
=================
deviveid = 3
dataid = 1
dirpath = /home/sakigake/priority/priority_server/data/03/image1/
pri = 2
dataid = 2
dirpath = /home/sakigake/priority/priority_server/data/03/image2/
pri = 2
dataid = 3
dirpath = /home/sakigake/priority/priority_server/data/03/image3/
pri = 2
dataid = 4
dirpath = /home/sakigake/priority/priority_server/data/03/image4/
pri = 2
dataid = 5
dirpath = /home/sakigake/priority/priority_server/data/03/sensor/
pri = 1
=================
deviveid = 4
dataid = 1
dirpath = /home/sakigake/priority/priority_server/data/04/image1/
pri = 2
dataid = 2
dirpath = /home/sakigake/priority/priority_server/data/04/image2/
pri = 2
dataid = 3
dirpath = /home/sakigake/priority/priority_server/data/04/image3/
pri = 2
dataid = 4
dirpath = /home/sakigake/priority/priority_server/data/04/image4/
pri = 2
dataid = 5
dirpath = /home/sakigake/priority/priority_server/data/04/sensor/
pri = 1
=================
deviveid = 5
dataid = 1
dirpath = /home/sakigake/priority/priority_server/data/05/image1/
pri = 2
dataid = 2
dirpath = /home/sakigake/priority/priority_server/data/05/image2/
pri = 2
dataid = 3
dirpath = /home/sakigake/priority/priority_server/data/05/image3/
pri = 2
dataid = 4
dirpath = /home/sakigake/priority/priority_server/data/05/image4/
pri = 2
dataid = 5
dirpath = /home/sakigake/priority/priority_server/data/05/sensor/
pri = 1
=================
deviveid = 6
dataid = 1
dirpath = /home/sakigake/priority/priority_server/data/06/image1/
pri = 2
dataid = 2
dirpath = /home/sakigake/priority/priority_server/data/06/image2/
pri = 2
dataid = 3
dirpath = /home/sakigake/priority/priority_server/data/06/image3/
pri = 2
dataid = 4
dirpath = /home/sakigake/priority/priority_server/data/06/image4/
pri = 2
dataid = 5
dirpath = /home/sakigake/priority/priority_server/data/06/sensor/
pri = 1
=================
deviveid = 7
dataid = 1
dirpath = /home/sakigake/priority/priority_server/data/07/image1/
pri = 2
dataid = 2
dirpath = /home/sakigake/priority/priority_server/data/07/image2/
pri = 2
dataid = 3
dirpath = /home/sakigake/priority/priority_server/data/07/image3/
pri = 2
dataid = 4
dirpath = /home/sakigake/priority/priority_server/data/07/image4/
pri = 2
dataid = 5
dirpath = /home/sakigake/priority/priority_server/data/07/sensor/
pri = 1
=================
deviveid = 8
dataid = 1
dirpath = /home/sakigake/priority/priority_server/data/08/image1/
pri = 2
dataid = 2
dirpath = /home/sakigake/priority/priority_server/data/08/image2/
pri = 2
dataid = 3
dirpath = /home/sakigake/priority/priority_server/data/08/image3/
pri = 2
dataid = 4
dirpath = /home/sakigake/priority/priority_server/data/08/image4/
pri = 2
dataid = 5
dirpath = /home/sakigake/priority/priority_server/data/08/sensor/
pri = 1
=================
deviveid = 9
dataid = 1
dirpath = /home/sakigake/priority/priority_server/data/09/image1/
pri = 2
dataid = 2
dirpath = /home/sakigake/priority/priority_server/data/09/image2/
pri = 2
dataid = 3
dirpath = /home/sakigake/priority/priority_server/data/09/image3/
pri = 2
dataid = 4
dirpath = /home/sakigake/priority/priority_server/data/09/image4/
pri = 2
dataid = 5
dirpath = /home/sakigake/priority/priority_server/data/09/sensor/
pri = 1
=================
deviveid = 10
dataid = 1
dirpath = /home/sakigake/priority/priority_server/data/10/image1/
pri = 2
dataid = 2
dirpath = /home/sakigake/priority/priority_server/data/10/image2/
pri = 2
dataid = 3
dirpath = /home/sakigake/priority/priority_server/data/10/image3/
pri = 2
dataid = 4
dirpath = /home/sakigake/priority/priority_server/data/10/image4/
pri = 2
dataid = 5
dirpath = /home/sakigake/priority/priority_server/data/10/sensor/
pri = 1
=================
bufsize = 3000
